# LOG: ReQNum    1 Cycle       10 ReqCycle        3 Wr Addr 0x0160 Value 0x0160 ValueRef 0x0160 HIT 0   way 01
# LOG: ReQNum    2 Cycle       12 ReqCycle       10 Wr Addr 0x0162 Value 0x0162 ValueRef 0x0162 HIT 1   way 01
# LOG: ReQNum    3 Cycle       14 ReqCycle       12 Wr Addr 0x0164 Value 0x0164 ValueRef 0x0164 HIT 1   way 01
# LOG: ReQNum    4 Cycle       16 ReqCycle       14 Wr Addr 0x0166 Value 0x0166 ValueRef 0x0166 HIT 1   way 01
# LOG: ReQNum    5 Cycle       24 ReqCycle       16 Wr Addr 0x0168 Value 0x0168 ValueRef 0x0168 HIT 0   way 01
# LOG: ReQNum    6 Cycle       26 ReqCycle       24 Wr Addr 0x016a Value 0x016a ValueRef 0x016a HIT 1   way 01
# LOG: ReQNum    7 Cycle       34 ReqCycle       26 Wr Addr 0x0960 Value 0x0960 ValueRef 0x0960 HIT 0   way 10
# LOG: ReQNum    8 Cycle       42 ReqCycle       34 Wr Addr 0x0968 Value 0x0968 ValueRef 0x0968 HIT 0   way 10
# LOG: ReqNum    9 Cycle       44 ReqCycle       42 Rd Addr 0x0160 Value 0x0160 ValueRef 0x0160 HIT 1   way 01
# LOG: ReqNum   10 Cycle       46 ReqCycle       44 Rd Addr 0x0162 Value 0x0162 ValueRef 0x0162 HIT 1   way 01
# LOG: ReqNum   11 Cycle       48 ReqCycle       46 Rd Addr 0x0164 Value 0x0164 ValueRef 0x0164 HIT 1   way 01
# LOG: ReqNum   12 Cycle       50 ReqCycle       48 Rd Addr 0x0166 Value 0x0166 ValueRef 0x0166 HIT 1   way 01
# LOG: ReqNum   13 Cycle       52 ReqCycle       50 Rd Addr 0x0168 Value 0x0168 ValueRef 0x0168 HIT 1   way 01
# LOG: ReqNum   14 Cycle       54 ReqCycle       52 Rd Addr 0x016a Value 0x016a ValueRef 0x016a HIT 1   way 01
# LOG: ReqNum   15 Cycle       56 ReqCycle       54 Rd Addr 0x0960 Value 0x0960 ValueRef 0x0960 HIT 1   way 10
# LOG: ReqNum   16 Cycle       58 ReqCycle       56 Rd Addr 0x0968 Value 0x0968 ValueRef 0x0968 HIT 1   way 10
# LOG: ReQNum   17 Cycle       70 ReqCycle       58 Wr Addr 0x1960 Value 0x1960 ValueRef 0x1960 HIT 0   way 10
# LOG: ReQNum   18 Cycle       82 ReqCycle       70 Wr Addr 0x1968 Value 0x15e4 ValueRef 0x15e4 HIT 0   way 01
# LOG: ReQNum   19 Cycle       84 ReqCycle       82 Wr Addr 0x0160 Value 0x0160 ValueRef 0x0160 HIT 1   way 01
# LOG: ReQNum   20 Cycle       96 ReqCycle       84 Wr Addr 0x0168 Value 0x0160 ValueRef 0x0160 HIT 0   way 01
# LOG: ReQNum   21 Cycle      108 ReqCycle       96 Wr Addr 0x2960 Value 0x2960 ValueRef 0x2960 HIT 0   way 10
# LOG: ReQNum   22 Cycle      120 ReqCycle      108 Wr Addr 0x2968 Value 0x2968 ValueRef 0x2968 HIT 0   way 01
# LOG: ReQNum   23 Cycle      132 ReqCycle      120 Wr Addr 0x0960 Value 0x0960 ValueRef 0x0960 HIT 0   way 10
# LOG: ReQNum   24 Cycle      134 ReqCycle      132 Wr Addr 0x0968 Value 0x0968 ValueRef 0x0968 HIT 1   way 10
# LOG: ReQNum   25 Cycle      136 ReqCycle      134 Wr Addr 0x0160 Value 0x0160 ValueRef 0x0160 HIT 1   way 01
# LOG: ReQNum   26 Cycle      148 ReqCycle      136 Wr Addr 0x0168 Value 0x0168 ValueRef 0x0168 HIT 0   way 01
# LOG: ReQNum   27 Cycle      160 ReqCycle      148 Wr Addr 0x2960 Value 0x2960 ValueRef 0x2960 HIT 0   way 10
# LOG: ReQNum   28 Cycle      172 ReqCycle      160 Wr Addr 0x2968 Value 0x2968 ValueRef 0x2968 HIT 0   way 01
# LOG: ReqNum   29 Cycle      184 ReqCycle      172 Rd Addr 0x0960 Value 0x0960 ValueRef 0x0960 HIT 0   way 10
# LOG: ReqNum   30 Cycle      186 ReqCycle      184 Rd Addr 0x0968 Value 0x0968 ValueRef 0x0968 HIT 1   way 10
# LOG: ReqNum   31 Cycle      194 ReqCycle      186 Rd Addr 0x1960 Value 0x1960 ValueRef 0x1960 HIT 0   way 10
# LOG: ReqNum   32 Cycle      206 ReqCycle      194 Rd Addr 0x1968 Value 0x15e4 ValueRef 0x15e4 HIT 0   way 01
# LOG: ReqNum   33 Cycle      208 ReqCycle      206 Rd Addr 0x0160 Value 0x0160 ValueRef 0x0160 HIT 1   way 01
# LOG: ReqNum   34 Cycle      216 ReqCycle      208 Rd Addr 0x0168 Value 0x0168 ValueRef 0x0168 HIT 0   way 01
# LOG: ReqNum   35 Cycle      224 ReqCycle      216 Rd Addr 0x2960 Value 0x2960 ValueRef 0x2960 HIT 0   way 10
# LOG: ReqNum   36 Cycle      232 ReqCycle      224 Rd Addr 0x2968 Value 0x2968 ValueRef 0x2968 HIT 0   way 01
# LOG: ReqNum   37 Cycle      240 ReqCycle      232 Rd Addr 0x0960 Value 0x0960 ValueRef 0x0960 HIT 0   way 10
# LOG: ReqNum   38 Cycle      242 ReqCycle      240 Rd Addr 0x0968 Value 0x0968 ValueRef 0x0968 HIT 1   way 10
# LOG: ReqNum   39 Cycle      244 ReqCycle      242 Rd Addr 0x0160 Value 0x0160 ValueRef 0x0160 HIT 1   way 01
# LOG: ReqNum   40 Cycle      252 ReqCycle      244 Rd Addr 0x0168 Value 0x0168 ValueRef 0x0168 HIT 0   way 01
# LOG: ReqNum   41 Cycle      260 ReqCycle      252 Rd Addr 0x2960 Value 0x2960 ValueRef 0x2960 HIT 0   way 10
# LOG: ReqNum   42 Cycle      268 ReqCycle      260 Rd Addr 0x2968 Value 0x2968 ValueRef 0x2968 HIT 0   way 01
# LOG: ReqNum   43 Cycle      276 ReqCycle      268 Rd Addr 0x0960 Value 0x0960 ValueRef 0x0960 HIT 0   way 10
# LOG: ReqNum   44 Cycle      278 ReqCycle      276 Rd Addr 0x0968 Value 0x0968 ValueRef 0x0968 HIT 1   way 10
# LOG: Done all Requests:         44 Replies:         44 Cycles:        278 Hits:         20
